{"level":30,"time":1681886487961,"pid":16996,"hostname":"LAPTOP-AV78Q2SG","msg":"open"}
{"level":30,"time":1681886488970,"pid":16996,"hostname":"LAPTOP-AV78Q2SG","msg":"server message"}
{"level":30,"time":1681886489011,"pid":16996,"hostname":"LAPTOP-AV78Q2SG","msg":"server message"}
{"level":30,"time":1681886489051,"pid":16996,"hostname":"LAPTOP-AV78Q2SG","msg":"server message"}
{"level":30,"time":1681886489091,"pid":16996,"hostname":"LAPTOP-AV78Q2SG","msg":"server message"}
{"level":30,"time":1681886489130,"pid":16996,"hostname":"LAPTOP-AV78Q2SG","msg":"server message"}
{"level":30,"time":1681886489170,"pid":16996,"hostname":"LAPTOP-AV78Q2SG","msg":"server message"}
{"level":30,"time":1681886489211,"pid":16996,"hostname":"LAPTOP-AV78Q2SG","msg":"server message"}
{"level":30,"time":1681886489251,"pid":16996,"hostname":"LAPTOP-AV78Q2SG","msg":"server message"}
{"level":30,"time":1681886489290,"pid":16996,"hostname":"LAPTOP-AV78Q2SG","msg":"server message"}
{"level":30,"time":1681886489330,"pid":16996,"hostname":"LAPTOP-AV78Q2SG","msg":"server message"}
{"level":30,"time":1681886489371,"pid":16996,"hostname":"LAPTOP-AV78Q2SG","msg":"server message"}
{"level":30,"time":1681886489410,"pid":16996,"hostname":"LAPTOP-AV78Q2SG","msg":"server message"}
{"level":30,"time":1681886489451,"pid":16996,"hostname":"LAPTOP-AV78Q2SG","msg":"server message"}
{"level":30,"time":1681886489491,"pid":16996,"hostname":"LAPTOP-AV78Q2SG","msg":"server message"}
{"level":30,"time":1681886489531,"pid":16996,"hostname":"LAPTOP-AV78Q2SG","msg":"server message"}
{"level":30,"time":1681886489571,"pid":16996,"hostname":"LAPTOP-AV78Q2SG","msg":"server message"}
{"level":30,"time":1681886489611,"pid":16996,"hostname":"LAPTOP-AV78Q2SG","msg":"server message"}
{"level":30,"time":1681886489651,"pid":16996,"hostname":"LAPTOP-AV78Q2SG","msg":"server message"}
{"level":30,"time":1681886489690,"pid":16996,"hostname":"LAPTOP-AV78Q2SG","msg":"server message"}
{"level":30,"time":1681886489731,"pid":16996,"hostname":"LAPTOP-AV78Q2SG","msg":"server message"}
{"level":30,"time":1681886489771,"pid":16996,"hostname":"LAPTOP-AV78Q2SG","msg":"server message"}
{"level":30,"time":1681886489811,"pid":16996,"hostname":"LAPTOP-AV78Q2SG","msg":"server message"}
{"level":30,"time":1681886489851,"pid":16996,"hostname":"LAPTOP-AV78Q2SG","msg":"server message"}
{"level":30,"time":1681886489891,"pid":16996,"hostname":"LAPTOP-AV78Q2SG","msg":"server message"}
{"level":30,"time":1681886489931,"pid":16996,"hostname":"LAPTOP-AV78Q2SG","msg":"server message"}
{"level":30,"time":1681886489971,"pid":16996,"hostname":"LAPTOP-AV78Q2SG","msg":"server message"}
{"level":30,"time":1681886490011,"pid":16996,"hostname":"LAPTOP-AV78Q2SG","msg":"server message"}
{"level":30,"time":1681886490050,"pid":16996,"hostname":"LAPTOP-AV78Q2SG","msg":"server message"}
{"level":30,"time":1681886490091,"pid":16996,"hostname":"LAPTOP-AV78Q2SG","msg":"server message"}
{"level":30,"time":1681886490131,"pid":16996,"hostname":"LAPTOP-AV78Q2SG","msg":"server message"}
{"level":30,"time":1681886490170,"pid":16996,"hostname":"LAPTOP-AV78Q2SG","msg":"server message"}
{"level":30,"time":1681886490211,"pid":16996,"hostname":"LAPTOP-AV78Q2SG","msg":"server message"}
{"level":30,"time":1681886490250,"pid":16996,"hostname":"LAPTOP-AV78Q2SG","msg":"server message"}
{"level":30,"time":1681886490290,"pid":16996,"hostname":"LAPTOP-AV78Q2SG","msg":"server message"}
{"level":30,"time":1681886490330,"pid":16996,"hostname":"LAPTOP-AV78Q2SG","msg":"server message"}
{"level":30,"time":1681886490371,"pid":16996,"hostname":"LAPTOP-AV78Q2SG","msg":"server message"}
{"level":30,"time":1681886490411,"pid":16996,"hostname":"LAPTOP-AV78Q2SG","msg":"server message"}
{"level":30,"time":1681886490450,"pid":16996,"hostname":"LAPTOP-AV78Q2SG","msg":"server message"}
{"level":30,"time":1681886490490,"pid":16996,"hostname":"LAPTOP-AV78Q2SG","msg":"server message"}
{"level":30,"time":1681886490530,"pid":16996,"hostname":"LAPTOP-AV78Q2SG","msg":"server message"}
{"level":30,"time":1681886490571,"pid":16996,"hostname":"LAPTOP-AV78Q2SG","msg":"server message"}
{"level":30,"time":1681886490610,"pid":16996,"hostname":"LAPTOP-AV78Q2SG","msg":"server message"}
{"level":30,"time":1681886490651,"pid":16996,"hostname":"LAPTOP-AV78Q2SG","msg":"server message"}
{"level":30,"time":1681886490691,"pid":16996,"hostname":"LAPTOP-AV78Q2SG","msg":"server message"}
{"level":30,"time":1681886490730,"pid":16996,"hostname":"LAPTOP-AV78Q2SG","msg":"server message"}
{"level":30,"time":1681886490770,"pid":16996,"hostname":"LAPTOP-AV78Q2SG","msg":"server message"}
{"level":30,"time":1681886490810,"pid":16996,"hostname":"LAPTOP-AV78Q2SG","msg":"server message"}
{"level":30,"time":1681886490850,"pid":16996,"hostname":"LAPTOP-AV78Q2SG","msg":"server message"}
{"level":30,"time":1681886490890,"pid":16996,"hostname":"LAPTOP-AV78Q2SG","msg":"server message"}
{"level":30,"time":1681886490930,"pid":16996,"hostname":"LAPTOP-AV78Q2SG","msg":"server message"}
{"level":30,"time":1681886490971,"pid":16996,"hostname":"LAPTOP-AV78Q2SG","msg":"server message"}
{"level":30,"time":1681886491010,"pid":16996,"hostname":"LAPTOP-AV78Q2SG","msg":"server message"}
{"level":30,"time":1681886491050,"pid":16996,"hostname":"LAPTOP-AV78Q2SG","msg":"server message"}
{"level":30,"time":1681886491090,"pid":16996,"hostname":"LAPTOP-AV78Q2SG","msg":"server message"}
{"level":30,"time":1681886491129,"pid":16996,"hostname":"LAPTOP-AV78Q2SG","msg":"api message"}
{"level":30,"time":1681886491130,"pid":16996,"hostname":"LAPTOP-AV78Q2SG","msg":"{\"code\":0,\"message\":\"success\",\"sid\":\"iat000d1b04@gz187983f2cc146f9802\",\"data\":{\"result\":{\"sn\":1,\"ls\":false,\"bg\":0,\"ed\":0,\"pgs\":\"apd\",\"ws\":[{\"bg\":0,\"cw\":[{\"sc\":0,\"w\":\"我\"}]}]},\"status\":0}}"}
{"level":30,"time":1681886491131,"pid":16996,"hostname":"LAPTOP-AV78Q2SG","msg":"server message"}
{"level":30,"time":1681886491170,"pid":16996,"hostname":"LAPTOP-AV78Q2SG","msg":"server message"}
{"level":30,"time":1681886491210,"pid":16996,"hostname":"LAPTOP-AV78Q2SG","msg":"server message"}
{"level":30,"time":1681886491251,"pid":16996,"hostname":"LAPTOP-AV78Q2SG","msg":"server message"}
{"level":30,"time":1681886491291,"pid":16996,"hostname":"LAPTOP-AV78Q2SG","msg":"server message"}
{"level":30,"time":1681886491331,"pid":16996,"hostname":"LAPTOP-AV78Q2SG","msg":"server message"}
{"level":30,"time":1681886491371,"pid":16996,"hostname":"LAPTOP-AV78Q2SG","msg":"server message"}
{"level":30,"time":1681886491410,"pid":16996,"hostname":"LAPTOP-AV78Q2SG","msg":"server message"}
{"level":30,"time":1681886491449,"pid":16996,"hostname":"LAPTOP-AV78Q2SG","msg":"api message"}
{"level":30,"time":1681886491449,"pid":16996,"hostname":"LAPTOP-AV78Q2SG","msg":"{\"code\":0,\"message\":\"success\",\"sid\":\"iat000d1b04@gz187983f2cc146f9802\",\"data\":{\"result\":{\"sn\":2,\"ls\":false,\"bg\":0,\"ed\":0,\"pgs\":\"rpl\",\"rg\":[1,1],\"ws\":[{\"bg\":0,\"cw\":[{\"sc\":0,\"w\":\"喂\"}]},{\"bg\":0,\"cw\":[{\"sc\":0,\"w\":\"喂\"}]}]},\"status\":1}}"}
{"level":30,"time":1681886491450,"pid":16996,"hostname":"LAPTOP-AV78Q2SG","msg":"server message"}
{"level":30,"time":1681886491490,"pid":16996,"hostname":"LAPTOP-AV78Q2SG","msg":"server message"}
{"level":30,"time":1681886491530,"pid":16996,"hostname":"LAPTOP-AV78Q2SG","msg":"server message"}
{"level":30,"time":1681886491571,"pid":16996,"hostname":"LAPTOP-AV78Q2SG","msg":"server message"}
{"level":30,"time":1681886491610,"pid":16996,"hostname":"LAPTOP-AV78Q2SG","msg":"api message"}
{"level":30,"time":1681886491611,"pid":16996,"hostname":"LAPTOP-AV78Q2SG","msg":"{\"code\":0,\"message\":\"success\",\"sid\":\"iat000d1b04@gz187983f2cc146f9802\",\"data\":{\"result\":{\"ws\":[{\"bg\":0,\"cw\":[{\"sc\":0,\"w\":\"喂\"}]},{\"bg\":0,\"cw\":[{\"sc\":0,\"w\":\"喂\"}]},{\"bg\":0,\"cw\":[{\"sc\":0,\"w\":\"喂\"}]}],\"sn\":3,\"ls\":false,\"bg\":0,\"ed\":0,\"pgs\":\"rpl\",\"rg\":[1,2]},\"status\":1}}"}
{"level":30,"time":1681886491613,"pid":16996,"hostname":"LAPTOP-AV78Q2SG","msg":"server message"}
{"level":30,"time":1681886491650,"pid":16996,"hostname":"LAPTOP-AV78Q2SG","msg":"server message"}
{"level":30,"time":1681886491691,"pid":16996,"hostname":"LAPTOP-AV78Q2SG","msg":"server message"}
{"level":30,"time":1681886491730,"pid":16996,"hostname":"LAPTOP-AV78Q2SG","msg":"server message"}
{"level":30,"time":1681886491771,"pid":16996,"hostname":"LAPTOP-AV78Q2SG","msg":"server message"}
{"level":30,"time":1681886491810,"pid":16996,"hostname":"LAPTOP-AV78Q2SG","msg":"server message"}
{"level":30,"time":1681886491851,"pid":16996,"hostname":"LAPTOP-AV78Q2SG","msg":"server message"}
{"level":30,"time":1681886491890,"pid":16996,"hostname":"LAPTOP-AV78Q2SG","msg":"server message"}
{"level":30,"time":1681886491931,"pid":16996,"hostname":"LAPTOP-AV78Q2SG","msg":"api message"}
{"level":30,"time":1681886491931,"pid":16996,"hostname":"LAPTOP-AV78Q2SG","msg":"{\"code\":0,\"message\":\"success\",\"sid\":\"iat000d1b04@gz187983f2cc146f9802\",\"data\":{\"result\":{\"sn\":4,\"ls\":false,\"bg\":0,\"ed\":0,\"pgs\":\"rpl\",\"rg\":[1,3],\"ws\":[{\"cw\":[{\"sc\":0,\"w\":\"喂\"}],\"bg\":0},{\"bg\":0,\"cw\":[{\"sc\":0,\"w\":\"喂\"}]},{\"bg\":0,\"cw\":[{\"sc\":0,\"w\":\"喂\"}]},{\"bg\":0,\"cw\":[{\"sc\":0,\"w\":\"你好\"}]}]},\"status\":1}}"}
{"level":30,"time":1681886491932,"pid":16996,"hostname":"LAPTOP-AV78Q2SG","msg":"server message"}
{"level":30,"time":1681886491971,"pid":16996,"hostname":"LAPTOP-AV78Q2SG","msg":"server message"}
{"level":30,"time":1681886492010,"pid":16996,"hostname":"LAPTOP-AV78Q2SG","msg":"server message"}
{"level":30,"time":1681886492051,"pid":16996,"hostname":"LAPTOP-AV78Q2SG","msg":"server message"}
{"level":30,"time":1681886492090,"pid":16996,"hostname":"LAPTOP-AV78Q2SG","msg":"server message"}
{"level":30,"time":1681886492131,"pid":16996,"hostname":"LAPTOP-AV78Q2SG","msg":"server message"}
{"level":30,"time":1681886492170,"pid":16996,"hostname":"LAPTOP-AV78Q2SG","msg":"server message"}
{"level":30,"time":1681886492210,"pid":16996,"hostname":"LAPTOP-AV78Q2SG","msg":"server message"}
{"level":30,"time":1681886492251,"pid":16996,"hostname":"LAPTOP-AV78Q2SG","msg":"server message"}
{"level":30,"time":1681886492291,"pid":16996,"hostname":"LAPTOP-AV78Q2SG","msg":"server message"}
{"level":30,"time":1681886492330,"pid":16996,"hostname":"LAPTOP-AV78Q2SG","msg":"server message"}
{"level":30,"time":1681886492370,"pid":16996,"hostname":"LAPTOP-AV78Q2SG","msg":"server message"}
{"level":30,"time":1681886492408,"pid":16996,"hostname":"LAPTOP-AV78Q2SG","msg":"api message"}
{"level":30,"time":1681886492409,"pid":16996,"hostname":"LAPTOP-AV78Q2SG","msg":"{\"code\":0,\"message\":\"success\",\"sid\":\"iat000d1b04@gz187983f2cc146f9802\",\"data\":{\"result\":{\"ws\":[{\"bg\":0,\"cw\":[{\"w\":\"喂\",\"sc\":0}]},{\"bg\":0,\"cw\":[{\"sc\":0,\"w\":\"喂\"}]},{\"bg\":0,\"cw\":[{\"sc\":0,\"w\":\"喂\"}]},{\"bg\":0,\"cw\":[{\"sc\":0,\"w\":\"你好\"}]},{\"bg\":0,\"cw\":[{\"sc\":0,\"w\":\"你好\"}]}],\"sn\":5,\"ls\":false,\"bg\":0,\"ed\":0,\"pgs\":\"rpl\",\"rg\":[1,4]},\"status\":1}}"}
{"level":30,"time":1681886492410,"pid":16996,"hostname":"LAPTOP-AV78Q2SG","msg":"server message"}
{"level":30,"time":1681886492451,"pid":16996,"hostname":"LAPTOP-AV78Q2SG","msg":"server message"}
{"level":30,"time":1681886492490,"pid":16996,"hostname":"LAPTOP-AV78Q2SG","msg":"server message"}
{"level":30,"time":1681886492530,"pid":16996,"hostname":"LAPTOP-AV78Q2SG","msg":"server message"}
{"level":30,"time":1681886492572,"pid":16996,"hostname":"LAPTOP-AV78Q2SG","msg":"server message"}
{"level":30,"time":1681886492612,"pid":16996,"hostname":"LAPTOP-AV78Q2SG","msg":"server message"}
{"level":30,"time":1681886492651,"pid":16996,"hostname":"LAPTOP-AV78Q2SG","msg":"server message"}
{"level":30,"time":1681886492692,"pid":16996,"hostname":"LAPTOP-AV78Q2SG","msg":"server message"}
{"level":30,"time":1681886492732,"pid":16996,"hostname":"LAPTOP-AV78Q2SG","msg":"server message"}
{"level":30,"time":1681886492771,"pid":16996,"hostname":"LAPTOP-AV78Q2SG","msg":"server message"}
{"level":30,"time":1681886492810,"pid":16996,"hostname":"LAPTOP-AV78Q2SG","msg":"server message"}
{"level":30,"time":1681886492850,"pid":16996,"hostname":"LAPTOP-AV78Q2SG","msg":"server message"}
{"level":30,"time":1681886492891,"pid":16996,"hostname":"LAPTOP-AV78Q2SG","msg":"server message"}
{"level":30,"time":1681886492931,"pid":16996,"hostname":"LAPTOP-AV78Q2SG","msg":"server message"}
{"level":30,"time":1681886492971,"pid":16996,"hostname":"LAPTOP-AV78Q2SG","msg":"server message"}
{"level":30,"time":1681886493011,"pid":16996,"hostname":"LAPTOP-AV78Q2SG","msg":"server message"}
{"level":30,"time":1681886493050,"pid":16996,"hostname":"LAPTOP-AV78Q2SG","msg":"api message"}
{"level":30,"time":1681886493051,"pid":16996,"hostname":"LAPTOP-AV78Q2SG","msg":"{\"code\":0,\"message\":\"success\",\"sid\":\"iat000d1b04@gz187983f2cc146f9802\",\"data\":{\"result\":{\"ed\":0,\"pgs\":\"rpl\",\"rg\":[1,5],\"ws\":[{\"bg\":147,\"cw\":[{\"sc\":0,\"w\":\"喂\"}]},{\"bg\":179,\"cw\":[{\"sc\":0,\"w\":\"喂\"}]},{\"bg\":195,\"cw\":[{\"sc\":0,\"w\":\"喂\"}]},{\"bg\":231,\"cw\":[{\"sc\":0,\"w\":\"，\"}]},{\"bg\":231,\"cw\":[{\"sc\":0,\"w\":\"你好\"}]},{\"bg\":275,\"cw\":[{\"w\":\"你好\",\"sc\":0}]}],\"sn\":6,\"ls\":false,\"bg\":0},\"status\":1}}"}
{"level":30,"time":1681886493052,"pid":16996,"hostname":"LAPTOP-AV78Q2SG","msg":"server message"}
{"level":30,"time":1681886493091,"pid":16996,"hostname":"LAPTOP-AV78Q2SG","msg":"server message"}
{"level":30,"time":1681886493130,"pid":16996,"hostname":"LAPTOP-AV78Q2SG","msg":"server message"}
{"level":30,"time":1681886493171,"pid":16996,"hostname":"LAPTOP-AV78Q2SG","msg":"server message"}
{"level":30,"time":1681886493211,"pid":16996,"hostname":"LAPTOP-AV78Q2SG","msg":"server message"}
{"level":30,"time":1681886493251,"pid":16996,"hostname":"LAPTOP-AV78Q2SG","msg":"server message"}
{"level":30,"time":1681886493291,"pid":16996,"hostname":"LAPTOP-AV78Q2SG","msg":"server message"}
{"level":30,"time":1681886493331,"pid":16996,"hostname":"LAPTOP-AV78Q2SG","msg":"server message"}
{"level":30,"time":1681886493370,"pid":16996,"hostname":"LAPTOP-AV78Q2SG","msg":"server message"}
{"level":30,"time":1681886493410,"pid":16996,"hostname":"LAPTOP-AV78Q2SG","msg":"server message"}
{"level":30,"time":1681886493450,"pid":16996,"hostname":"LAPTOP-AV78Q2SG","msg":"server message"}
{"level":30,"time":1681886493490,"pid":16996,"hostname":"LAPTOP-AV78Q2SG","msg":"server message"}
{"level":30,"time":1681886493530,"pid":16996,"hostname":"LAPTOP-AV78Q2SG","msg":"server message"}
{"level":30,"time":1681886493570,"pid":16996,"hostname":"LAPTOP-AV78Q2SG","msg":"server message"}
{"level":30,"time":1681886493611,"pid":16996,"hostname":"LAPTOP-AV78Q2SG","msg":"server message"}
{"level":30,"time":1681886493650,"pid":16996,"hostname":"LAPTOP-AV78Q2SG","msg":"server message"}
{"level":30,"time":1681886493689,"pid":16996,"hostname":"LAPTOP-AV78Q2SG","msg":"server message"}
{"level":30,"time":1681886493730,"pid":16996,"hostname":"LAPTOP-AV78Q2SG","msg":"server message"}
{"level":30,"time":1681886493770,"pid":16996,"hostname":"LAPTOP-AV78Q2SG","msg":"server message"}
{"level":30,"time":1681886493810,"pid":16996,"hostname":"LAPTOP-AV78Q2SG","msg":"server message"}
{"level":30,"time":1681886493850,"pid":16996,"hostname":"LAPTOP-AV78Q2SG","msg":"server message"}
{"level":30,"time":1681886493891,"pid":16996,"hostname":"LAPTOP-AV78Q2SG","msg":"server message"}
{"level":30,"time":1681886493931,"pid":16996,"hostname":"LAPTOP-AV78Q2SG","msg":"server message"}
{"level":30,"time":1681886493971,"pid":16996,"hostname":"LAPTOP-AV78Q2SG","msg":"server message"}
{"level":30,"time":1681886494011,"pid":16996,"hostname":"LAPTOP-AV78Q2SG","msg":"server message"}
{"level":30,"time":1681886494051,"pid":16996,"hostname":"LAPTOP-AV78Q2SG","msg":"server message"}
{"level":30,"time":1681886494091,"pid":16996,"hostname":"LAPTOP-AV78Q2SG","msg":"server message"}
{"level":30,"time":1681886503060,"pid":16996,"hostname":"LAPTOP-AV78Q2SG","msg":"open"}
{"level":30,"time":1681886504061,"pid":16996,"hostname":"LAPTOP-AV78Q2SG","msg":"server message"}
{"level":30,"time":1681886504102,"pid":16996,"hostname":"LAPTOP-AV78Q2SG","msg":"server message"}
{"level":30,"time":1681886504143,"pid":16996,"hostname":"LAPTOP-AV78Q2SG","msg":"server message"}
{"level":30,"time":1681886504183,"pid":16996,"hostname":"LAPTOP-AV78Q2SG","msg":"server message"}
{"level":30,"time":1681886504223,"pid":16996,"hostname":"LAPTOP-AV78Q2SG","msg":"server message"}
{"level":30,"time":1681886504261,"pid":16996,"hostname":"LAPTOP-AV78Q2SG","msg":"server message"}
{"level":30,"time":1681886504302,"pid":16996,"hostname":"LAPTOP-AV78Q2SG","msg":"server message"}
{"level":30,"time":1681886504342,"pid":16996,"hostname":"LAPTOP-AV78Q2SG","msg":"server message"}
{"level":30,"time":1681886504382,"pid":16996,"hostname":"LAPTOP-AV78Q2SG","msg":"server message"}
{"level":30,"time":1681886504421,"pid":16996,"hostname":"LAPTOP-AV78Q2SG","msg":"server message"}
{"level":30,"time":1681886504462,"pid":16996,"hostname":"LAPTOP-AV78Q2SG","msg":"server message"}
{"level":30,"time":1681886504503,"pid":16996,"hostname":"LAPTOP-AV78Q2SG","msg":"server message"}
{"level":30,"time":1681886504543,"pid":16996,"hostname":"LAPTOP-AV78Q2SG","msg":"server message"}
{"level":30,"time":1681886504582,"pid":16996,"hostname":"LAPTOP-AV78Q2SG","msg":"server message"}
{"level":30,"time":1681886504623,"pid":16996,"hostname":"LAPTOP-AV78Q2SG","msg":"server message"}
{"level":30,"time":1681886504663,"pid":16996,"hostname":"LAPTOP-AV78Q2SG","msg":"server message"}
{"level":30,"time":1681886504702,"pid":16996,"hostname":"LAPTOP-AV78Q2SG","msg":"server message"}
{"level":30,"time":1681886504744,"pid":16996,"hostname":"LAPTOP-AV78Q2SG","msg":"server message"}
{"level":30,"time":1681886504783,"pid":16996,"hostname":"LAPTOP-AV78Q2SG","msg":"server message"}
{"level":30,"time":1681886504823,"pid":16996,"hostname":"LAPTOP-AV78Q2SG","msg":"server message"}
{"level":30,"time":1681886504863,"pid":16996,"hostname":"LAPTOP-AV78Q2SG","msg":"server message"}
{"level":30,"time":1681886504903,"pid":16996,"hostname":"LAPTOP-AV78Q2SG","msg":"server message"}
{"level":30,"time":1681886504942,"pid":16996,"hostname":"LAPTOP-AV78Q2SG","msg":"server message"}
{"level":30,"time":1681886504982,"pid":16996,"hostname":"LAPTOP-AV78Q2SG","msg":"server message"}
{"level":30,"time":1681886505022,"pid":16996,"hostname":"LAPTOP-AV78Q2SG","msg":"server message"}
{"level":30,"time":1681886505062,"pid":16996,"hostname":"LAPTOP-AV78Q2SG","msg":"server message"}
{"level":30,"time":1681886505103,"pid":16996,"hostname":"LAPTOP-AV78Q2SG","msg":"server message"}
{"level":30,"time":1681886505142,"pid":16996,"hostname":"LAPTOP-AV78Q2SG","msg":"server message"}
{"level":30,"time":1681886505183,"pid":16996,"hostname":"LAPTOP-AV78Q2SG","msg":"server message"}
{"level":30,"time":1681886505223,"pid":16996,"hostname":"LAPTOP-AV78Q2SG","msg":"server message"}
{"level":30,"time":1681886505264,"pid":16996,"hostname":"LAPTOP-AV78Q2SG","msg":"server message"}
{"level":30,"time":1681886505302,"pid":16996,"hostname":"LAPTOP-AV78Q2SG","msg":"server message"}
{"level":30,"time":1681886505343,"pid":16996,"hostname":"LAPTOP-AV78Q2SG","msg":"server message"}
{"level":30,"time":1681886505382,"pid":16996,"hostname":"LAPTOP-AV78Q2SG","msg":"server message"}
{"level":30,"time":1681886505423,"pid":16996,"hostname":"LAPTOP-AV78Q2SG","msg":"server message"}
{"level":30,"time":1681886505463,"pid":16996,"hostname":"LAPTOP-AV78Q2SG","msg":"server message"}
{"level":30,"time":1681886505502,"pid":16996,"hostname":"LAPTOP-AV78Q2SG","msg":"server message"}
{"level":30,"time":1681886505542,"pid":16996,"hostname":"LAPTOP-AV78Q2SG","msg":"server message"}
{"level":30,"time":1681886505581,"pid":16996,"hostname":"LAPTOP-AV78Q2SG","msg":"server message"}
{"level":30,"time":1681886505622,"pid":16996,"hostname":"LAPTOP-AV78Q2SG","msg":"server message"}
{"level":30,"time":1681886505662,"pid":16996,"hostname":"LAPTOP-AV78Q2SG","msg":"server message"}
{"level":30,"time":1681886505703,"pid":16996,"hostname":"LAPTOP-AV78Q2SG","msg":"server message"}
{"level":30,"time":1681886505742,"pid":16996,"hostname":"LAPTOP-AV78Q2SG","msg":"server message"}
{"level":30,"time":1681886505782,"pid":16996,"hostname":"LAPTOP-AV78Q2SG","msg":"server message"}
{"level":30,"time":1681886505822,"pid":16996,"hostname":"LAPTOP-AV78Q2SG","msg":"server message"}
{"level":30,"time":1681886505862,"pid":16996,"hostname":"LAPTOP-AV78Q2SG","msg":"server message"}
{"level":30,"time":1681886505902,"pid":16996,"hostname":"LAPTOP-AV78Q2SG","msg":"server message"}
{"level":30,"time":1681886505943,"pid":16996,"hostname":"LAPTOP-AV78Q2SG","msg":"server message"}
{"level":30,"time":1681886505983,"pid":16996,"hostname":"LAPTOP-AV78Q2SG","msg":"server message"}
{"level":30,"time":1681886506023,"pid":16996,"hostname":"LAPTOP-AV78Q2SG","msg":"server message"}
{"level":30,"time":1681886506062,"pid":16996,"hostname":"LAPTOP-AV78Q2SG","msg":"server message"}
{"level":30,"time":1681886506103,"pid":16996,"hostname":"LAPTOP-AV78Q2SG","msg":"server message"}
{"level":30,"time":1681886506144,"pid":16996,"hostname":"LAPTOP-AV78Q2SG","msg":"server message"}
{"level":30,"time":1681886506182,"pid":16996,"hostname":"LAPTOP-AV78Q2SG","msg":"server message"}
{"level":30,"time":1681886506222,"pid":16996,"hostname":"LAPTOP-AV78Q2SG","msg":"server message"}
{"level":30,"time":1681886506262,"pid":16996,"hostname":"LAPTOP-AV78Q2SG","msg":"server message"}
{"level":30,"time":1681886506302,"pid":16996,"hostname":"LAPTOP-AV78Q2SG","msg":"server message"}
{"level":30,"time":1681886506342,"pid":16996,"hostname":"LAPTOP-AV78Q2SG","msg":"server message"}
{"level":30,"time":1681886506383,"pid":16996,"hostname":"LAPTOP-AV78Q2SG","msg":"server message"}
{"level":30,"time":1681886506421,"pid":16996,"hostname":"LAPTOP-AV78Q2SG","msg":"api message"}
{"level":30,"time":1681886506421,"pid":16996,"hostname":"LAPTOP-AV78Q2SG","msg":"{\"code\":0,\"message\":\"success\",\"sid\":\"iat000d6835@gz187983f67b41453802\",\"data\":{\"result\":{\"bg\":0,\"ed\":0,\"pgs\":\"apd\",\"ws\":[{\"bg\":0,\"cw\":[{\"sc\":0,\"w\":\"喂\"}]},{\"bg\":0,\"cw\":[{\"w\":\"喂\",\"sc\":0}]}],\"sn\":1,\"ls\":false},\"status\":0}}"}
{"level":30,"time":1681886506422,"pid":16996,"hostname":"LAPTOP-AV78Q2SG","msg":"server message"}
{"level":30,"time":1681886506462,"pid":16996,"hostname":"LAPTOP-AV78Q2SG","msg":"server message"}
{"level":30,"time":1681886506503,"pid":16996,"hostname":"LAPTOP-AV78Q2SG","msg":"server message"}
{"level":30,"time":1681886506543,"pid":16996,"hostname":"LAPTOP-AV78Q2SG","msg":"server message"}
{"level":30,"time":1681886506583,"pid":16996,"hostname":"LAPTOP-AV78Q2SG","msg":"server message"}
{"level":30,"time":1681886506623,"pid":16996,"hostname":"LAPTOP-AV78Q2SG","msg":"server message"}
{"level":30,"time":1681886506663,"pid":16996,"hostname":"LAPTOP-AV78Q2SG","msg":"server message"}
{"level":30,"time":1681886506703,"pid":16996,"hostname":"LAPTOP-AV78Q2SG","msg":"server message"}
{"level":30,"time":1681886506742,"pid":16996,"hostname":"LAPTOP-AV78Q2SG","msg":"server message"}
{"level":30,"time":1681886506782,"pid":16996,"hostname":"LAPTOP-AV78Q2SG","msg":"server message"}
{"level":30,"time":1681886506821,"pid":16996,"hostname":"LAPTOP-AV78Q2SG","msg":"server message"}
{"level":30,"time":1681886506861,"pid":16996,"hostname":"LAPTOP-AV78Q2SG","msg":"server message"}
{"level":30,"time":1681886506900,"pid":16996,"hostname":"LAPTOP-AV78Q2SG","msg":"api message"}
{"level":30,"time":1681886506900,"pid":16996,"hostname":"LAPTOP-AV78Q2SG","msg":"{\"code\":0,\"message\":\"success\",\"sid\":\"iat000d6835@gz187983f67b41453802\",\"data\":{\"result\":{\"sn\":2,\"ls\":false,\"bg\":0,\"ed\":0,\"pgs\":\"rpl\",\"rg\":[1,1],\"ws\":[{\"bg\":0,\"cw\":[{\"w\":\"喂\",\"sc\":0}]},{\"bg\":0,\"cw\":[{\"w\":\"喂\",\"sc\":0}]},{\"bg\":0,\"cw\":[{\"sc\":0,\"w\":\"喂\"}]}]},\"status\":1}}"}
{"level":30,"time":1681886506902,"pid":16996,"hostname":"LAPTOP-AV78Q2SG","msg":"server message"}
{"level":30,"time":1681886506941,"pid":16996,"hostname":"LAPTOP-AV78Q2SG","msg":"server message"}
{"level":30,"time":1681886506982,"pid":16996,"hostname":"LAPTOP-AV78Q2SG","msg":"server message"}
{"level":30,"time":1681886507024,"pid":16996,"hostname":"LAPTOP-AV78Q2SG","msg":"server message"}
{"level":30,"time":1681886507063,"pid":16996,"hostname":"LAPTOP-AV78Q2SG","msg":"server message"}
{"level":30,"time":1681886507103,"pid":16996,"hostname":"LAPTOP-AV78Q2SG","msg":"server message"}
{"level":30,"time":1681886507142,"pid":16996,"hostname":"LAPTOP-AV78Q2SG","msg":"server message"}
{"level":30,"time":1681886507182,"pid":16996,"hostname":"LAPTOP-AV78Q2SG","msg":"server message"}
{"level":30,"time":1681886507223,"pid":16996,"hostname":"LAPTOP-AV78Q2SG","msg":"server message"}
{"level":30,"time":1681886507263,"pid":16996,"hostname":"LAPTOP-AV78Q2SG","msg":"server message"}
{"level":30,"time":1681886507302,"pid":16996,"hostname":"LAPTOP-AV78Q2SG","msg":"server message"}
{"level":30,"time":1681886507343,"pid":16996,"hostname":"LAPTOP-AV78Q2SG","msg":"server message"}
{"level":30,"time":1681886507383,"pid":16996,"hostname":"LAPTOP-AV78Q2SG","msg":"server message"}
{"level":30,"time":1681886507422,"pid":16996,"hostname":"LAPTOP-AV78Q2SG","msg":"server message"}
{"level":30,"time":1681886507462,"pid":16996,"hostname":"LAPTOP-AV78Q2SG","msg":"server message"}
{"level":30,"time":1681886507500,"pid":16996,"hostname":"LAPTOP-AV78Q2SG","msg":"api message"}
{"level":30,"time":1681886507501,"pid":16996,"hostname":"LAPTOP-AV78Q2SG","msg":"{\"code\":0,\"message\":\"success\",\"sid\":\"iat000d6835@gz187983f67b41453802\",\"data\":{\"result\":{\"bg\":0,\"ed\":0,\"pgs\":\"rpl\",\"rg\":[1,2],\"ws\":[{\"bg\":119,\"cw\":[{\"sc\":0,\"w\":\"喂\"}]},{\"bg\":171,\"cw\":[{\"sc\":0,\"w\":\"喂\"}]},{\"bg\":195,\"cw\":[{\"sc\":0,\"w\":\"喂\"}]}],\"sn\":3,\"ls\":false},\"status\":1}}"}
{"level":30,"time":1681886507502,"pid":16996,"hostname":"LAPTOP-AV78Q2SG","msg":"server message"}
{"level":30,"time":1681886507542,"pid":16996,"hostname":"LAPTOP-AV78Q2SG","msg":"server message"}
{"level":30,"time":1681886507582,"pid":16996,"hostname":"LAPTOP-AV78Q2SG","msg":"server message"}
{"level":30,"time":1681886507623,"pid":16996,"hostname":"LAPTOP-AV78Q2SG","msg":"server message"}
{"level":30,"time":1681886507663,"pid":16996,"hostname":"LAPTOP-AV78Q2SG","msg":"server message"}
{"level":30,"time":1681886507703,"pid":16996,"hostname":"LAPTOP-AV78Q2SG","msg":"server message"}
{"level":30,"time":1681886507743,"pid":16996,"hostname":"LAPTOP-AV78Q2SG","msg":"server message"}
{"level":30,"time":1681886507782,"pid":16996,"hostname":"LAPTOP-AV78Q2SG","msg":"server message"}
{"level":30,"time":1681886507822,"pid":16996,"hostname":"LAPTOP-AV78Q2SG","msg":"server message"}
{"level":30,"time":1681886507863,"pid":16996,"hostname":"LAPTOP-AV78Q2SG","msg":"server message"}
{"level":30,"time":1681886507902,"pid":16996,"hostname":"LAPTOP-AV78Q2SG","msg":"server message"}
{"level":30,"time":1681886507943,"pid":16996,"hostname":"LAPTOP-AV78Q2SG","msg":"server message"}
{"level":30,"time":1681886507983,"pid":16996,"hostname":"LAPTOP-AV78Q2SG","msg":"server message"}
{"level":30,"time":1681886508023,"pid":16996,"hostname":"LAPTOP-AV78Q2SG","msg":"server message"}
{"level":30,"time":1681886508062,"pid":16996,"hostname":"LAPTOP-AV78Q2SG","msg":"server message"}
{"level":30,"time":1681886508102,"pid":16996,"hostname":"LAPTOP-AV78Q2SG","msg":"server message"}
{"level":30,"time":1681886508142,"pid":16996,"hostname":"LAPTOP-AV78Q2SG","msg":"server message"}
{"level":30,"time":1681886508182,"pid":16996,"hostname":"LAPTOP-AV78Q2SG","msg":"server message"}
{"level":30,"time":1681886508221,"pid":16996,"hostname":"LAPTOP-AV78Q2SG","msg":"server message"}
{"level":30,"time":1681886508263,"pid":16996,"hostname":"LAPTOP-AV78Q2SG","msg":"server message"}
{"level":30,"time":1681886508302,"pid":16996,"hostname":"LAPTOP-AV78Q2SG","msg":"server message"}
{"level":30,"time":1681886508341,"pid":16996,"hostname":"LAPTOP-AV78Q2SG","msg":"api message"}
{"level":30,"time":1681886508341,"pid":16996,"hostname":"LAPTOP-AV78Q2SG","msg":"{\"code\":0,\"message\":\"success\",\"sid\":\"iat000d6835@gz187983f67b41453802\",\"data\":{\"result\":{\"sn\":4,\"ls\":false,\"bg\":0,\"ed\":0,\"pgs\":\"apd\",\"ws\":[{\"bg\":0,\"cw\":[{\"sc\":0,\"w\":\"你\"}]}]},\"status\":1}}"}
{"level":30,"time":1681886508342,"pid":16996,"hostname":"LAPTOP-AV78Q2SG","msg":"server message"}
{"level":30,"time":1681886508383,"pid":16996,"hostname":"LAPTOP-AV78Q2SG","msg":"server message"}
{"level":30,"time":1681886508423,"pid":16996,"hostname":"LAPTOP-AV78Q2SG","msg":"server message"}
{"level":30,"time":1681886508463,"pid":16996,"hostname":"LAPTOP-AV78Q2SG","msg":"server message"}
{"level":30,"time":1681886508501,"pid":16996,"hostname":"LAPTOP-AV78Q2SG","msg":"api message"}
{"level":30,"time":1681886508501,"pid":16996,"hostname":"LAPTOP-AV78Q2SG","msg":"{\"code\":0,\"message\":\"success\",\"sid\":\"iat000d6835@gz187983f67b41453802\",\"data\":{\"result\":{\"ed\":0,\"pgs\":\"rpl\",\"rg\":[4,4],\"ws\":[{\"bg\":0,\"cw\":[{\"sc\":0,\"w\":\"你好\"}]}],\"sn\":5,\"ls\":false,\"bg\":0},\"status\":1}}"}
{"level":30,"time":1681886508502,"pid":16996,"hostname":"LAPTOP-AV78Q2SG","msg":"server message"}
{"level":30,"time":1681886508543,"pid":16996,"hostname":"LAPTOP-AV78Q2SG","msg":"server message"}
{"level":30,"time":1681886508583,"pid":16996,"hostname":"LAPTOP-AV78Q2SG","msg":"server message"}
{"level":30,"time":1681886508623,"pid":16996,"hostname":"LAPTOP-AV78Q2SG","msg":"server message"}
{"level":30,"time":1681886508663,"pid":16996,"hostname":"LAPTOP-AV78Q2SG","msg":"server message"}
{"level":30,"time":1681886508704,"pid":16996,"hostname":"LAPTOP-AV78Q2SG","msg":"server message"}
{"level":30,"time":1681886508741,"pid":16996,"hostname":"LAPTOP-AV78Q2SG","msg":"server message"}
{"level":30,"time":1681886508782,"pid":16996,"hostname":"LAPTOP-AV78Q2SG","msg":"server message"}
{"level":30,"time":1681886508821,"pid":16996,"hostname":"LAPTOP-AV78Q2SG","msg":"api message"}
{"level":30,"time":1681886508822,"pid":16996,"hostname":"LAPTOP-AV78Q2SG","msg":"{\"code\":0,\"message\":\"success\",\"sid\":\"iat000d6835@gz187983f67b41453802\",\"data\":{\"result\":{\"pgs\":\"rpl\",\"rg\":[4,5],\"ws\":[{\"bg\":0,\"cw\":[{\"sc\":0,\"w\":\"你好\"}]},{\"bg\":0,\"cw\":[{\"sc\":0,\"w\":\"你好\"}]}],\"sn\":6,\"ls\":false,\"bg\":0,\"ed\":0},\"status\":1}}"}
{"level":30,"time":1681886508822,"pid":16996,"hostname":"LAPTOP-AV78Q2SG","msg":"server message"}
{"level":30,"time":1681886508862,"pid":16996,"hostname":"LAPTOP-AV78Q2SG","msg":"server message"}
{"level":30,"time":1681886508902,"pid":16996,"hostname":"LAPTOP-AV78Q2SG","msg":"server message"}
{"level":30,"time":1681886508942,"pid":16996,"hostname":"LAPTOP-AV78Q2SG","msg":"server message"}
{"level":30,"time":1681886508983,"pid":16996,"hostname":"LAPTOP-AV78Q2SG","msg":"server message"}
{"level":30,"time":1681886509022,"pid":16996,"hostname":"LAPTOP-AV78Q2SG","msg":"server message"}
{"level":30,"time":1681886509062,"pid":16996,"hostname":"LAPTOP-AV78Q2SG","msg":"server message"}
{"level":30,"time":1681886509102,"pid":16996,"hostname":"LAPTOP-AV78Q2SG","msg":"server message"}
{"level":30,"time":1681886509142,"pid":16996,"hostname":"LAPTOP-AV78Q2SG","msg":"server message"}
{"level":30,"time":1681886509183,"pid":16996,"hostname":"LAPTOP-AV78Q2SG","msg":"server message"}
{"level":30,"time":1681886509223,"pid":16996,"hostname":"LAPTOP-AV78Q2SG","msg":"server message"}
{"level":30,"time":1681886509263,"pid":16996,"hostname":"LAPTOP-AV78Q2SG","msg":"server message"}
{"level":30,"time":1681886509303,"pid":16996,"hostname":"LAPTOP-AV78Q2SG","msg":"server message"}
{"level":30,"time":1681886509343,"pid":16996,"hostname":"LAPTOP-AV78Q2SG","msg":"server message"}
{"level":30,"time":1681886509382,"pid":16996,"hostname":"LAPTOP-AV78Q2SG","msg":"server message"}
{"level":30,"time":1681886509421,"pid":16996,"hostname":"LAPTOP-AV78Q2SG","msg":"server message"}
{"level":30,"time":1681886509462,"pid":16996,"hostname":"LAPTOP-AV78Q2SG","msg":"server message"}
{"level":30,"time":1681886509502,"pid":16996,"hostname":"LAPTOP-AV78Q2SG","msg":"server message"}
{"level":30,"time":1681886509543,"pid":16996,"hostname":"LAPTOP-AV78Q2SG","msg":"server message"}
{"level":30,"time":1681886509583,"pid":16996,"hostname":"LAPTOP-AV78Q2SG","msg":"server message"}
{"level":30,"time":1681886509623,"pid":16996,"hostname":"LAPTOP-AV78Q2SG","msg":"server message"}
{"level":30,"time":1681886509663,"pid":16996,"hostname":"LAPTOP-AV78Q2SG","msg":"server message"}
{"level":30,"time":1681886509672,"pid":16996,"hostname":"LAPTOP-AV78Q2SG","msg":"close"}
{"level":30,"time":1681886509672,"pid":16996,"hostname":"LAPTOP-AV78Q2SG","msg":1000}
{"level":30,"time":1681886509701,"pid":16996,"hostname":"LAPTOP-AV78Q2SG","msg":"api message"}
{"level":30,"time":1681886509702,"pid":16996,"hostname":"LAPTOP-AV78Q2SG","msg":"{\"code\":0,\"message\":\"success\",\"sid\":\"iat000d6835@gz187983f67b41453802\",\"data\":{\"result\":{\"bg\":0,\"ed\":0,\"pgs\":\"rpl\",\"rg\":[4,6],\"ws\":[{\"cw\":[{\"sc\":0,\"w\":\"，\"}],\"bg\":357},{\"bg\":357,\"cw\":[{\"sc\":0,\"w\":\"你好\"}]},{\"bg\":409,\"cw\":[{\"sc\":0,\"w\":\"你好\"}]}],\"sn\":7,\"ls\":false},\"status\":1}}"}
{"level":30,"time":1681886509703,"pid":16996,"hostname":"LAPTOP-AV78Q2SG","msg":"server message"}
{"level":30,"time":1681886509742,"pid":16996,"hostname":"LAPTOP-AV78Q2SG","msg":"server message"}
{"level":30,"time":1681886509783,"pid":16996,"hostname":"LAPTOP-AV78Q2SG","msg":"server message"}
{"level":30,"time":1681886509823,"pid":16996,"hostname":"LAPTOP-AV78Q2SG","msg":"server message"}
{"level":30,"time":1681886509863,"pid":16996,"hostname":"LAPTOP-AV78Q2SG","msg":"server message"}
{"level":30,"time":1681886509902,"pid":16996,"hostname":"LAPTOP-AV78Q2SG","msg":"server message"}
{"level":30,"time":1681886509942,"pid":16996,"hostname":"LAPTOP-AV78Q2SG","msg":"server message"}
{"level":30,"time":1681886509983,"pid":16996,"hostname":"LAPTOP-AV78Q2SG","msg":"server message"}
{"level":30,"time":1681886510022,"pid":16996,"hostname":"LAPTOP-AV78Q2SG","msg":"server message"}
{"level":30,"time":1681886510062,"pid":16996,"hostname":"LAPTOP-AV78Q2SG","msg":"server message"}
{"level":30,"time":1681886510101,"pid":16996,"hostname":"LAPTOP-AV78Q2SG","msg":"server message"}
{"level":30,"time":1681886510141,"pid":16996,"hostname":"LAPTOP-AV78Q2SG","msg":"server message"}
{"level":30,"time":1681886510182,"pid":16996,"hostname":"LAPTOP-AV78Q2SG","msg":"server message"}
{"level":30,"time":1681886510223,"pid":16996,"hostname":"LAPTOP-AV78Q2SG","msg":"server message"}
{"level":30,"time":1681886510262,"pid":16996,"hostname":"LAPTOP-AV78Q2SG","msg":"server message"}
{"level":30,"time":1681886510302,"pid":16996,"hostname":"LAPTOP-AV78Q2SG","msg":"server message"}
{"level":30,"time":1681886510343,"pid":16996,"hostname":"LAPTOP-AV78Q2SG","msg":"server message"}
{"level":30,"time":1681886510382,"pid":16996,"hostname":"LAPTOP-AV78Q2SG","msg":"server message"}
{"level":30,"time":1681886510423,"pid":16996,"hostname":"LAPTOP-AV78Q2SG","msg":"server message"}
{"level":30,"time":1681886510464,"pid":16996,"hostname":"LAPTOP-AV78Q2SG","msg":"server message"}
{"level":30,"time":1681886510502,"pid":16996,"hostname":"LAPTOP-AV78Q2SG","msg":"server message"}
{"level":30,"time":1681886510543,"pid":16996,"hostname":"LAPTOP-AV78Q2SG","msg":"server message"}
{"level":30,"time":1681886510583,"pid":16996,"hostname":"LAPTOP-AV78Q2SG","msg":"server message"}
{"level":30,"time":1681886510623,"pid":16996,"hostname":"LAPTOP-AV78Q2SG","msg":"server message"}
{"level":30,"time":1681886510662,"pid":16996,"hostname":"LAPTOP-AV78Q2SG","msg":"server message"}
{"level":30,"time":1681886510702,"pid":16996,"hostname":"LAPTOP-AV78Q2SG","msg":"server message"}
{"level":30,"time":1681886510742,"pid":16996,"hostname":"LAPTOP-AV78Q2SG","msg":"server message"}
{"level":30,"time":1681886510782,"pid":16996,"hostname":"LAPTOP-AV78Q2SG","msg":"server message"}
{"level":30,"time":1681886510822,"pid":16996,"hostname":"LAPTOP-AV78Q2SG","msg":"server message"}
{"level":30,"time":1681886510862,"pid":16996,"hostname":"LAPTOP-AV78Q2SG","msg":"server message"}
{"level":30,"time":1681886510902,"pid":16996,"hostname":"LAPTOP-AV78Q2SG","msg":"server message"}
{"level":30,"time":1681886510943,"pid":16996,"hostname":"LAPTOP-AV78Q2SG","msg":"server message"}
{"level":30,"time":1681886510984,"pid":16996,"hostname":"LAPTOP-AV78Q2SG","msg":"server message"}
{"level":30,"time":1681886511023,"pid":16996,"hostname":"LAPTOP-AV78Q2SG","msg":"server message"}
{"level":30,"time":1681886511062,"pid":16996,"hostname":"LAPTOP-AV78Q2SG","msg":"server message"}
{"level":30,"time":1681886511100,"pid":16996,"hostname":"LAPTOP-AV78Q2SG","msg":"api message"}
{"level":30,"time":1681886511100,"pid":16996,"hostname":"LAPTOP-AV78Q2SG","msg":"{\"code\":0,\"message\":\"success\",\"sid\":\"iat000d6835@gz187983f67b41453802\",\"data\":{\"status\":2,\"result\":{\"ed\":0,\"pgs\":\"apd\",\"ws\":[{\"bg\":488,\"cw\":[{\"sc\":0,\"w\":\"。\"}]}],\"sn\":8,\"ls\":true,\"bg\":0}}}"}
{"level":30,"time":1681886526640,"pid":16996,"hostname":"LAPTOP-AV78Q2SG","msg":"close"}
{"level":30,"time":1681886526641,"pid":16996,"hostname":"LAPTOP-AV78Q2SG","msg":1000}
